# JRE version: OpenJDK Runtime Environment Temurin-17.0.12+7 (17.0.12+7) (build 17.0.12+7)
# Java VM: OpenJDK 64-Bit Server VM Temurin-17.0.12+7 (17.0.12+7, mixed mode, tiered, compressed oops, compressed class ptrs, parallel gc, windows-amd64)
GC Precious Log:
 CPUs: 12 total, 12 available
 Memory: 7549M
 Large Page Support: Disabled
 NUMA Support: Disabled
 Compressed Oops: Enabled (32-bit)
 Alignments: Space 512K, Generation 512K, Heap 2M
 Heap Min Capacity: 100M
 Heap Initial Capacity: 100M
 Heap Max Capacity: 1G
 Pre-touch: Disabled
 Parallel Workers: 10
Heap:
 PSYoungGen      total 17408K, used 6867K [0x00000000eab00000, 0x00000000ebe00000, 0x0000000100000000)
  eden space 15360K, 33% used [0x00000000eab00000,0x00000000eb002550,0x00000000eba00000)
  from space 2048K, 84% used [0x00000000eba00000,0x00000000ebbb2aa8,0x00000000ebc00000)
  to   space 2048K, 0% used [0x00000000ebc00000,0x00000000ebc00000,0x00000000ebe00000)
 ParOldGen       total 94208K, used 82015K [0x00000000c0000000, 0x00000000c5c00000, 0x00000000eab00000)
  object space 94208K, 87% used [0x00000000c0000000,0x00000000c5017cb8,0x00000000c5c00000)
 Metaspace       used 65761K, committed 66944K, reserved 1114112K
  class space    used 7036K, committed 7552K, reserved 1048576K
GC Heap History (20 events):
Event: 5.682 GC heap before
{Heap before GC invocations=41 (full 3):
 PSYoungGen      total 24064K, used 18172K [0x00000000eab00000, 0x00000000ec800000, 0x0000000100000000)
  eden space 15360K, 100% used [0x00000000eab00000,0x00000000eba00000,0x00000000eba00000)
  from space 8704K, 32% used [0x00000000eba00000,0x00000000ebcbf0f8,0x00000000ec280000)
  to   space 4608K, 0% used [0x00000000ec380000,0x00000000ec380000,0x00000000ec800000)
 ParOldGen       total 68608K, used 57344K [0x00000000c0000000, 0x00000000c4300000, 0x00000000eab00000)
  object space 68608K, 83% used [0x00000000c0000000,0x00000000c38002b0,0x00000000c4300000)
 Metaspace       used 62496K, committed 63616K, reserved 1114112K
  class space    used 6728K, committed 7232K, reserved 1048576K
}
Event: 5.685 GC heap after
{Heap after GC invocations=41 (full 3):
 PSYoungGen      total 17920K, used 2202K [0x00000000eab00000, 0x00000000ec600000, 0x0000000100000000)
  eden space 15360K, 0% used [0x00000000eab00000,0x00000000eab00000,0x00000000eba00000)
  from space 2560K, 86% used [0x00000000ec380000,0x00000000ec5a6958,0x00000000ec600000)
  to   space 3072K, 0% used [0x00000000ec000000,0x00000000ec000000,0x00000000ec300000)
 ParOldGen       total 68608K, used 59934K [0x00000000c0000000, 0x00000000c4300000, 0x00000000eab00000)
  object space 68608K, 87% used [0x00000000c0000000,0x00000000c3a87b70,0x00000000c4300000)
 Metaspace       used 62496K, committed 63616K, reserved 1114112K
  class space    used 6728K, committed 7232K, reserved 1048576K
}
Event: 5.723 GC heap before
{Heap before GC invocations=42 (full 3):
 PSYoungGen      total 17920K, used 17521K [0x00000000eab00000, 0x00000000ec600000, 0x0000000100000000)
  eden space 15360K, 99% used [0x00000000eab00000,0x00000000eb9f5cb8,0x00000000eba00000)
  from space 2560K, 86% used [0x00000000ec380000,0x00000000ec5a6958,0x00000000ec600000)
  to   space 3072K, 0% used [0x00000000ec000000,0x00000000ec000000,0x00000000ec300000)
 ParOldGen       total 68608K, used 59934K [0x00000000c0000000, 0x00000000c4300000, 0x00000000eab00000)
  object space 68608K, 87% used [0x00000000c0000000,0x00000000c3a87b70,0x00000000c4300000)
 Metaspace       used 62945K, committed 64192K, reserved 1114112K
  class space    used 6783K, committed 7296K, reserved 1048576K
}
Event: 5.725 GC heap after
{Heap after GC invocations=42 (full 3):
 PSYoungGen      total 17920K, used 2287K [0x00000000eab00000, 0x00000000ec400000, 0x0000000100000000)
  eden space 15360K, 0% used [0x00000000eab00000,0x00000000eab00000,0x00000000eba00000)
  from space 2560K, 89% used [0x00000000ec000000,0x00000000ec23bc58,0x00000000ec280000)
  to   space 1536K, 0% used [0x00000000ec280000,0x00000000ec280000,0x00000000ec400000)
 ParOldGen       total 68608K, used 61962K [0x00000000c0000000, 0x00000000c4300000, 0x00000000eab00000)
  object space 68608K, 90% used [0x00000000c0000000,0x00000000c3c82838,0x00000000c4300000)
 Metaspace       used 62945K, committed 64192K, reserved 1114112K
  class space    used 6783K, committed 7296K, reserved 1048576K
}
Event: 5.774 GC heap before
{Heap before GC invocations=43 (full 3):
 PSYoungGen      total 17920K, used 17647K [0x00000000eab00000, 0x00000000ec400000, 0x0000000100000000)
  eden space 15360K, 100% used [0x00000000eab00000,0x00000000eba00000,0x00000000eba00000)
  from space 2560K, 89% used [0x00000000ec000000,0x00000000ec23bc58,0x00000000ec280000)
  to   space 1536K, 0% used [0x00000000ec280000,0x00000000ec280000,0x00000000ec400000)
 ParOldGen       total 68608K, used 61962K [0x00000000c0000000, 0x00000000c4300000, 0x00000000eab00000)
  object space 68608K, 90% used [0x00000000c0000000,0x00000000c3c82838,0x00000000c4300000)
 Metaspace       used 63707K, committed 64896K, reserved 1114112K
  class space    used 6853K, committed 7360K, reserved 1048576K
}
Event: 5.778 GC heap after
{Heap after GC invocations=43 (full 3):
 PSYoungGen      total 16896K, used 1505K [0x00000000eab00000, 0x00000000ec400000, 0x0000000100000000)
  eden space 15360K, 0% used [0x00000000eab00000,0x00000000eab00000,0x00000000eba00000)
  from space 1536K, 97% used [0x00000000ec280000,0x00000000ec3f8428,0x00000000ec400000)
  to   space 4096K, 0% used [0x00000000ebc00000,0x00000000ebc00000,0x00000000ec000000)
 ParOldGen       total 68608K, used 64150K [0x00000000c0000000, 0x00000000c4300000, 0x00000000eab00000)
  object space 68608K, 93% used [0x00000000c0000000,0x00000000c3ea5b98,0x00000000c4300000)
 Metaspace       used 63707K, committed 64896K, reserved 1114112K
  class space    used 6853K, committed 7360K, reserved 1048576K
}
Event: 5.838 GC heap before
{Heap before GC invocations=44 (full 3):
 PSYoungGen      total 16896K, used 16865K [0x00000000eab00000, 0x00000000ec400000, 0x0000000100000000)
  eden space 15360K, 100% used [0x00000000eab00000,0x00000000eba00000,0x00000000eba00000)
  from space 1536K, 97% used [0x00000000ec280000,0x00000000ec3f8428,0x00000000ec400000)
  to   space 4096K, 0% used [0x00000000ebc00000,0x00000000ebc00000,0x00000000ec000000)
 ParOldGen       total 68608K, used 64150K [0x00000000c0000000, 0x00000000c4300000, 0x00000000eab00000)
  object space 68608K, 93% used [0x00000000c0000000,0x00000000c3ea5b98,0x00000000c4300000)
 Metaspace       used 64030K, committed 65216K, reserved 1114112K
  class space    used 6890K, committed 7424K, reserved 1048576K
}
Event: 5.841 GC heap after
{Heap after GC invocations=44 (full 3):
 PSYoungGen      total 19456K, used 2273K [0x00000000eab00000, 0x00000000ec300000, 0x0000000100000000)
  eden space 15360K, 0% used [0x00000000eab00000,0x00000000eab00000,0x00000000eba00000)
  from space 4096K, 55% used [0x00000000ebc00000,0x00000000ebe387c8,0x00000000ec000000)
  to   space 3072K, 0% used [0x00000000ec000000,0x00000000ec000000,0x00000000ec300000)
 ParOldGen       total 68608K, used 65542K [0x00000000c0000000, 0x00000000c4300000, 0x00000000eab00000)
  object space 68608K, 95% used [0x00000000c0000000,0x00000000c4001908,0x00000000c4300000)
 Metaspace       used 64030K, committed 65216K, reserved 1114112K
  class space    used 6890K, committed 7424K, reserved 1048576K
}
Event: 5.891 GC heap before
{Heap before GC invocations=45 (full 3):
 PSYoungGen      total 19456K, used 17633K [0x00000000eab00000, 0x00000000ec300000, 0x0000000100000000)
  eden space 15360K, 100% used [0x00000000eab00000,0x00000000eba00000,0x00000000eba00000)
  from space 4096K, 55% used [0x00000000ebc00000,0x00000000ebe387c8,0x00000000ec000000)
  to   space 3072K, 0% used [0x00000000ec000000,0x00000000ec000000,0x00000000ec300000)
 ParOldGen       total 68608K, used 65542K [0x00000000c0000000, 0x00000000c4300000, 0x00000000eab00000)
  object space 68608K, 95% used [0x00000000c0000000,0x00000000c4001908,0x00000000c4300000)
 Metaspace       used 64152K, committed 65344K, reserved 1114112K
  class space    used 6901K, committed 7424K, reserved 1048576K
}
Event: 5.893 GC heap after
{Heap after GC invocations=45 (full 3):
 PSYoungGen      total 17920K, used 2486K [0x00000000eab00000, 0x00000000ec280000, 0x0000000100000000)
  eden space 15360K, 0% used [0x00000000eab00000,0x00000000eab00000,0x00000000eba00000)
  from space 2560K, 97% used [0x00000000ec000000,0x00000000ec26dbb8,0x00000000ec280000)
  to   space 2560K, 0% used [0x00000000ebd80000,0x00000000ebd80000,0x00000000ec000000)
 ParOldGen       total 68608K, used 67620K [0x00000000c0000000, 0x00000000c4300000, 0x00000000eab00000)
  object space 68608K, 98% used [0x00000000c0000000,0x00000000c42091a8,0x00000000c4300000)
 Metaspace       used 64152K, committed 65344K, reserved 1114112K
  class space    used 6901K, committed 7424K, reserved 1048576K
}
Event: 5.893 GC heap before
{Heap before GC invocations=46 (full 4):
 PSYoungGen      total 17920K, used 2486K [0x00000000eab00000, 0x00000000ec280000, 0x0000000100000000)
  eden space 15360K, 0% used [0x00000000eab00000,0x00000000eab00000,0x00000000eba00000)
  from space 2560K, 97% used [0x00000000ec000000,0x00000000ec26dbb8,0x00000000ec280000)
  to   space 2560K, 0% used [0x00000000ebd80000,0x00000000ebd80000,0x00000000ec000000)
 ParOldGen       total 68608K, used 67620K [0x00000000c0000000, 0x00000000c4300000, 0x00000000eab00000)
  object space 68608K, 98% used [0x00000000c0000000,0x00000000c42091a8,0x00000000c4300000)
 Metaspace       used 64152K, committed 65344K, reserved 1114112K
  class space    used 6901K, committed 7424K, reserved 1048576K
}
Event: 5.937 GC heap after
{Heap after GC invocations=46 (full 4):
 PSYoungGen      total 15872K, used 0K [0x00000000eab00000, 0x00000000ec080000, 0x0000000100000000)
  eden space 15360K, 0% used [0x00000000eab00000,0x00000000eab00000,0x00000000eba00000)
  from space 512K, 0% used [0x00000000ebd80000,0x00000000ebd80000,0x00000000ebe00000)
  to   space 2560K, 0% used [0x00000000ebe00000,0x00000000ebe00000,0x00000000ec080000)
 ParOldGen       total 94208K, used 66807K [0x00000000c0000000, 0x00000000c5c00000, 0x00000000eab00000)
  object space 94208K, 70% used [0x00000000c0000000,0x00000000c413dd88,0x00000000c5c00000)
 Metaspace       used 64152K, committed 65344K, reserved 1114112K
  class space    used 6901K, committed 7424K, reserved 1048576K
}
Event: 6.008 GC heap before
{Heap before GC invocations=47 (full 4):
 PSYoungGen      total 15872K, used 15360K [0x00000000eab00000, 0x00000000ec080000, 0x0000000100000000)
  eden space 15360K, 100% used [0x00000000eab00000,0x00000000eba00000,0x00000000eba00000)
  from space 512K, 0% used [0x00000000ebd80000,0x00000000ebd80000,0x00000000ebe00000)
  to   space 2560K, 0% used [0x00000000ebe00000,0x00000000ebe00000,0x00000000ec080000)
 ParOldGen       total 94208K, used 66807K [0x00000000c0000000, 0x00000000c5c00000, 0x00000000eab00000)
  object space 94208K, 70% used [0x00000000c0000000,0x00000000c413dd88,0x00000000c5c00000)
 Metaspace       used 64239K, committed 65472K, reserved 1114112K
  class space    used 6904K, committed 7424K, reserved 1048576K
}
Event: 6.012 GC heap after
{Heap after GC invocations=47 (full 4):
 PSYoungGen      total 17920K, used 2528K [0x00000000eab00000, 0x00000000ec100000, 0x0000000100000000)
  eden space 15360K, 0% used [0x00000000eab00000,0x00000000eab00000,0x00000000eba00000)
  from space 2560K, 98% used [0x00000000ebe00000,0x00000000ec078008,0x00000000ec080000)
  to   space 3584K, 0% used [0x00000000eba00000,0x00000000eba00000,0x00000000ebd80000)
 ParOldGen       total 94208K, used 67558K [0x00000000c0000000, 0x00000000c5c00000, 0x00000000eab00000)
  object space 94208K, 71% used [0x00000000c0000000,0x00000000c41f9830,0x00000000c5c00000)
 Metaspace       used 64239K, committed 65472K, reserved 1114112K
  class space    used 6904K, committed 7424K, reserved 1048576K
}
Event: 6.062 GC heap before
{Heap before GC invocations=48 (full 4):
 PSYoungGen      total 17920K, used 17888K [0x00000000eab00000, 0x00000000ec100000, 0x0000000100000000)
  eden space 15360K, 100% used [0x00000000eab00000,0x00000000eba00000,0x00000000eba00000)
  from space 2560K, 98% used [0x00000000ebe00000,0x00000000ec078008,0x00000000ec080000)
  to   space 3584K, 0% used [0x00000000eba00000,0x00000000eba00000,0x00000000ebd80000)
 ParOldGen       total 94208K, used 67558K [0x00000000c0000000, 0x00000000c5c00000, 0x00000000eab00000)
  object space 94208K, 71% used [0x00000000c0000000,0x00000000c41f9830,0x00000000c5c00000)
 Metaspace       used 64324K, committed 65536K, reserved 1114112K
  class space    used 6910K, committed 7424K, reserved 1048576K
}
Event: 6.067 GC heap after
{Heap after GC invocations=48 (full 4):
 PSYoungGen      total 18432K, used 2639K [0x00000000eab00000, 0x00000000ec000000, 0x0000000100000000)
  eden space 15360K, 0% used [0x00000000eab00000,0x00000000eab00000,0x00000000eba00000)
  from space 3072K, 85% used [0x00000000eba00000,0x00000000ebc93f88,0x00000000ebd00000)
  to   space 3072K, 0% used [0x00000000ebd00000,0x00000000ebd00000,0x00000000ec000000)
 ParOldGen       total 94208K, used 70121K [0x00000000c0000000, 0x00000000c5c00000, 0x00000000eab00000)
  object space 94208K, 74% used [0x00000000c0000000,0x00000000c447a7c0,0x00000000c5c00000)
 Metaspace       used 64324K, committed 65536K, reserved 1114112K
  class space    used 6910K, committed 7424K, reserved 1048576K
}
Event: 6.111 GC heap before
{Heap before GC invocations=49 (full 4):
 PSYoungGen      total 18432K, used 17999K [0x00000000eab00000, 0x00000000ec000000, 0x0000000100000000)
  eden space 15360K, 99% used [0x00000000eab00000,0x00000000eb9fffd8,0x00000000eba00000)
  from space 3072K, 85% used [0x00000000eba00000,0x00000000ebc93f88,0x00000000ebd00000)
  to   space 3072K, 0% used [0x00000000ebd00000,0x00000000ebd00000,0x00000000ec000000)
 ParOldGen       total 94208K, used 70121K [0x00000000c0000000, 0x00000000c5c00000, 0x00000000eab00000)
  object space 94208K, 74% used [0x00000000c0000000,0x00000000c447a7c0,0x00000000c5c00000)
 Metaspace       used 64522K, committed 65728K, reserved 1114112K
  class space    used 6930K, committed 7488K, reserved 1048576K
}
Event: 6.115 GC heap after
{Heap after GC invocations=49 (full 4):
 PSYoungGen      total 17920K, used 2432K [0x00000000eab00000, 0x00000000ebf80000, 0x0000000100000000)
  eden space 15360K, 0% used [0x00000000eab00000,0x00000000eab00000,0x00000000eba00000)
  from space 2560K, 95% used [0x00000000ebd00000,0x00000000ebf601d0,0x00000000ebf80000)
  to   space 2560K, 0% used [0x00000000eba80000,0x00000000eba80000,0x00000000ebd00000)
 ParOldGen       total 94208K, used 72477K [0x00000000c0000000, 0x00000000c5c00000, 0x00000000eab00000)
  object space 94208K, 76% used [0x00000000c0000000,0x00000000c46c7540,0x00000000c5c00000)
 Metaspace       used 64522K, committed 65728K, reserved 1114112K
  class space    used 6930K, committed 7488K, reserved 1048576K
}
Event: 6.159 GC heap before
{Heap before GC invocations=50 (full 4):
 PSYoungGen      total 17920K, used 17792K [0x00000000eab00000, 0x00000000ebf80000, 0x0000000100000000)
  eden space 15360K, 100% used [0x00000000eab00000,0x00000000eba00000,0x00000000eba00000)
  from space 2560K, 95% used [0x00000000ebd00000,0x00000000ebf601d0,0x00000000ebf80000)
  to   space 2560K, 0% used [0x00000000eba80000,0x00000000eba80000,0x00000000ebd00000)
 ParOldGen       total 94208K, used 72480K [0x00000000c0000000, 0x00000000c5c00000, 0x00000000eab00000)
  object space 94208K, 76% used [0x00000000c0000000,0x00000000c46c8358,0x00000000c5c00000)
 Metaspace       used 65233K, committed 66432K, reserved 1114112K
  class space    used 6975K, committed 7488K, reserved 1048576K
}
Event: 6.163 GC heap after
{Heap after GC invocations=50 (full 4):
 PSYoungGen      total 17920K, used 2491K [0x00000000eab00000, 0x00000000ebf00000, 0x0000000100000000)
  eden space 15360K, 0% used [0x00000000eab00000,0x00000000eab00000,0x00000000eba00000)
  from space 2560K, 97% used [0x00000000eba80000,0x00000000ebceed10,0x00000000ebd00000)
  to   space 2048K, 0% used [0x00000000ebd00000,0x00000000ebd00000,0x00000000ebf00000)
 ParOldGen       total 94208K, used 74526K [0x00000000c0000000, 0x00000000c5c00000, 0x00000000eab00000)
  object space 94208K, 79% used [0x00000000c0000000,0x00000000c48c7948,0x00000000c5c00000)
 Metaspace       used 65233K, committed 66432K, reserved 1114112K
  class space    used 6975K, committed 7488K, reserved 1048576K
}

