# JRE version: OpenJDK Runtime Environment Temurin-17.0.12+7 (17.0.12+7) (build 17.0.12+7)
# Java VM: OpenJDK 64-Bit Server VM Temurin-17.0.12+7 (17.0.12+7, mixed mode, tiered, compressed oops, compressed class ptrs, parallel gc, windows-amd64)
GC Precious Log:
 CPUs: 12 total, 12 available
 Memory: 7549M
 Large Page Support: Disabled
 NUMA Support: Disabled
 Compressed Oops: Enabled (32-bit)
 Alignments: Space 512K, Generation 512K, Heap 2M
 Heap Min Capacity: 100M
 Heap Initial Capacity: 100M
 Heap Max Capacity: 1G
 Pre-touch: Disabled
 Parallel Workers: 10
Heap:
 PSYoungGen      total 19456K, used 8595K [0x00000000eab00000, 0x00000000ec000000, 0x0000000100000000)
  eden space 18432K, 42% used [0x00000000eab00000,0x00000000eb2bcf18,0x00000000ebd00000)
  from space 1024K, 65% used [0x00000000ebe80000,0x00000000ebf28020,0x00000000ebf80000)
  to   space 512K, 0% used [0x00000000ebf80000,0x00000000ebf80000,0x00000000ec000000)
 ParOldGen       total 68608K, used 31725K [0x00000000c0000000, 0x00000000c4300000, 0x00000000eab00000)
  object space 68608K, 46% used [0x00000000c0000000,0x00000000c1efb5a8,0x00000000c4300000)
 Metaspace       used 48553K, committed 49472K, reserved 1114112K
  class space    used 4964K, committed 5440K, reserved 1048576K
GC Heap History (20 events):
Event: 9.947 GC heap before
{Heap before GC invocations=18 (full 2):
 PSYoungGen      total 24064K, used 23975K [0x00000000eab00000, 0x00000000ec480000, 0x0000000100000000)
  eden space 22016K, 100% used [0x00000000eab00000,0x00000000ec080000,0x00000000ec080000)
  from space 2048K, 95% used [0x00000000ec100000,0x00000000ec2e9c10,0x00000000ec300000)
  to   space 1536K, 0% used [0x00000000ec300000,0x00000000ec300000,0x00000000ec480000)
 ParOldGen       total 68608K, used 20100K [0x00000000c0000000, 0x00000000c4300000, 0x00000000eab00000)
  object space 68608K, 29% used [0x00000000c0000000,0x00000000c13a1380,0x00000000c4300000)
 Metaspace       used 43882K, committed 44736K, reserved 1114112K
  class space    used 4469K, committed 4928K, reserved 1048576K
}
Event: 9.949 GC heap after
{Heap after GC invocations=18 (full 2):
 PSYoungGen      total 23040K, used 965K [0x00000000eab00000, 0x00000000ec400000, 0x0000000100000000)
  eden space 22016K, 0% used [0x00000000eab00000,0x00000000eab00000,0x00000000ec080000)
  from space 1024K, 94% used [0x00000000ec300000,0x00000000ec3f14d8,0x00000000ec400000)
  to   space 1536K, 0% used [0x00000000ec100000,0x00000000ec100000,0x00000000ec280000)
 ParOldGen       total 68608K, used 21633K [0x00000000c0000000, 0x00000000c4300000, 0x00000000eab00000)
  object space 68608K, 31% used [0x00000000c0000000,0x00000000c1520528,0x00000000c4300000)
 Metaspace       used 43882K, committed 44736K, reserved 1114112K
  class space    used 4469K, committed 4928K, reserved 1048576K
}
Event: 10.012 GC heap before
{Heap before GC invocations=19 (full 2):
 PSYoungGen      total 23040K, used 22981K [0x00000000eab00000, 0x00000000ec400000, 0x0000000100000000)
  eden space 22016K, 100% used [0x00000000eab00000,0x00000000ec080000,0x00000000ec080000)
  from space 1024K, 94% used [0x00000000ec300000,0x00000000ec3f14d8,0x00000000ec400000)
  to   space 1536K, 0% used [0x00000000ec100000,0x00000000ec100000,0x00000000ec280000)
 ParOldGen       total 68608K, used 21633K [0x00000000c0000000, 0x00000000c4300000, 0x00000000eab00000)
  object space 68608K, 31% used [0x00000000c0000000,0x00000000c1520528,0x00000000c4300000)
 Metaspace       used 45106K, committed 46016K, reserved 1114112K
  class space    used 4574K, committed 4992K, reserved 1048576K
}
Event: 10.014 GC heap after
{Heap after GC invocations=19 (full 2):
 PSYoungGen      total 23552K, used 288K [0x00000000eab00000, 0x00000000ec380000, 0x0000000100000000)
  eden space 22016K, 0% used [0x00000000eab00000,0x00000000eab00000,0x00000000ec080000)
  from space 1536K, 18% used [0x00000000ec100000,0x00000000ec148000,0x00000000ec280000)
  to   space 1024K, 0% used [0x00000000ec280000,0x00000000ec280000,0x00000000ec380000)
 ParOldGen       total 68608K, used 21769K [0x00000000c0000000, 0x00000000c4300000, 0x00000000eab00000)
  object space 68608K, 31% used [0x00000000c0000000,0x00000000c1542528,0x00000000c4300000)
 Metaspace       used 45106K, committed 46016K, reserved 1114112K
  class space    used 4574K, committed 4992K, reserved 1048576K
}
Event: 10.127 GC heap before
{Heap before GC invocations=20 (full 2):
 PSYoungGen      total 23552K, used 22304K [0x00000000eab00000, 0x00000000ec380000, 0x0000000100000000)
  eden space 22016K, 100% used [0x00000000eab00000,0x00000000ec080000,0x00000000ec080000)
  from space 1536K, 18% used [0x00000000ec100000,0x00000000ec148000,0x00000000ec280000)
  to   space 1024K, 0% used [0x00000000ec280000,0x00000000ec280000,0x00000000ec380000)
 ParOldGen       total 68608K, used 21769K [0x00000000c0000000, 0x00000000c4300000, 0x00000000eab00000)
  object space 68608K, 31% used [0x00000000c0000000,0x00000000c1542528,0x00000000c4300000)
 Metaspace       used 45959K, committed 46848K, reserved 1114112K
  class space    used 4665K, committed 5120K, reserved 1048576K
}
Event: 10.131 GC heap after
{Heap after GC invocations=20 (full 2):
 PSYoungGen      total 22528K, used 1024K [0x00000000eab00000, 0x00000000ec580000, 0x0000000100000000)
  eden space 21504K, 0% used [0x00000000eab00000,0x00000000eab00000,0x00000000ec000000)
  from space 1024K, 100% used [0x00000000ec280000,0x00000000ec380000,0x00000000ec380000)
  to   space 2560K, 0% used [0x00000000ec000000,0x00000000ec000000,0x00000000ec280000)
 ParOldGen       total 68608K, used 22830K [0x00000000c0000000, 0x00000000c4300000, 0x00000000eab00000)
  object space 68608K, 33% used [0x00000000c0000000,0x00000000c164ba38,0x00000000c4300000)
 Metaspace       used 45959K, committed 46848K, reserved 1114112K
  class space    used 4665K, committed 5120K, reserved 1048576K
}
Event: 10.154 GC heap before
{Heap before GC invocations=21 (full 2):
 PSYoungGen      total 22528K, used 22528K [0x00000000eab00000, 0x00000000ec580000, 0x0000000100000000)
  eden space 21504K, 100% used [0x00000000eab00000,0x00000000ec000000,0x00000000ec000000)
  from space 1024K, 100% used [0x00000000ec280000,0x00000000ec380000,0x00000000ec380000)
  to   space 2560K, 0% used [0x00000000ec000000,0x00000000ec000000,0x00000000ec280000)
 ParOldGen       total 68608K, used 22830K [0x00000000c0000000, 0x00000000c4300000, 0x00000000eab00000)
  object space 68608K, 33% used [0x00000000c0000000,0x00000000c164ba38,0x00000000c4300000)
 Metaspace       used 46015K, committed 46912K, reserved 1114112K
  class space    used 4669K, committed 5120K, reserved 1048576K
}
Event: 10.157 GC heap after
{Heap after GC invocations=21 (full 2):
 PSYoungGen      total 23552K, used 1920K [0x00000000eab00000, 0x00000000ec400000, 0x0000000100000000)
  eden space 21504K, 0% used [0x00000000eab00000,0x00000000eab00000,0x00000000ec000000)
  from space 2048K, 93% used [0x00000000ec000000,0x00000000ec1e0000,0x00000000ec200000)
  to   space 2048K, 0% used [0x00000000ec200000,0x00000000ec200000,0x00000000ec400000)
 ParOldGen       total 68608K, used 23852K [0x00000000c0000000, 0x00000000c4300000, 0x00000000eab00000)
  object space 68608K, 34% used [0x00000000c0000000,0x00000000c174b028,0x00000000c4300000)
 Metaspace       used 46015K, committed 46912K, reserved 1114112K
  class space    used 4669K, committed 5120K, reserved 1048576K
}
Event: 10.186 GC heap before
{Heap before GC invocations=22 (full 2):
 PSYoungGen      total 23552K, used 23424K [0x00000000eab00000, 0x00000000ec400000, 0x0000000100000000)
  eden space 21504K, 100% used [0x00000000eab00000,0x00000000ec000000,0x00000000ec000000)
  from space 2048K, 93% used [0x00000000ec000000,0x00000000ec1e0000,0x00000000ec200000)
  to   space 2048K, 0% used [0x00000000ec200000,0x00000000ec200000,0x00000000ec400000)
 ParOldGen       total 68608K, used 23852K [0x00000000c0000000, 0x00000000c4300000, 0x00000000eab00000)
  object space 68608K, 34% used [0x00000000c0000000,0x00000000c174b028,0x00000000c4300000)
 Metaspace       used 46015K, committed 46912K, reserved 1114112K
  class space    used 4669K, committed 5120K, reserved 1048576K
}
Event: 10.190 GC heap after
{Heap after GC invocations=22 (full 2):
 PSYoungGen      total 20480K, used 2020K [0x00000000eab00000, 0x00000000eca00000, 0x0000000100000000)
  eden space 18432K, 0% used [0x00000000eab00000,0x00000000eab00000,0x00000000ebd00000)
  from space 2048K, 98% used [0x00000000ec200000,0x00000000ec3f9010,0x00000000ec400000)
  to   space 5120K, 0% used [0x00000000ebd00000,0x00000000ebd00000,0x00000000ec200000)
 ParOldGen       total 68608K, used 26116K [0x00000000c0000000, 0x00000000c4300000, 0x00000000eab00000)
  object space 68608K, 38% used [0x00000000c0000000,0x00000000c1981028,0x00000000c4300000)
 Metaspace       used 46015K, committed 46912K, reserved 1114112K
  class space    used 4669K, committed 5120K, reserved 1048576K
}
Event: 10.215 GC heap before
{Heap before GC invocations=23 (full 2):
 PSYoungGen      total 20480K, used 20452K [0x00000000eab00000, 0x00000000eca00000, 0x0000000100000000)
  eden space 18432K, 100% used [0x00000000eab00000,0x00000000ebd00000,0x00000000ebd00000)
  from space 2048K, 98% used [0x00000000ec200000,0x00000000ec3f9010,0x00000000ec400000)
  to   space 5120K, 0% used [0x00000000ebd00000,0x00000000ebd00000,0x00000000ec200000)
 ParOldGen       total 68608K, used 26116K [0x00000000c0000000, 0x00000000c4300000, 0x00000000eab00000)
  object space 68608K, 38% used [0x00000000c0000000,0x00000000c1981028,0x00000000c4300000)
 Metaspace       used 46016K, committed 46912K, reserved 1114112K
  class space    used 4669K, committed 5120K, reserved 1048576K
}
Event: 10.218 GC heap after
{Heap after GC invocations=23 (full 2):
 PSYoungGen      total 20480K, used 1856K [0x00000000eab00000, 0x00000000ec300000, 0x0000000100000000)
  eden space 18432K, 0% used [0x00000000eab00000,0x00000000eab00000,0x00000000ebd00000)
  from space 2048K, 90% used [0x00000000ebd00000,0x00000000ebed0000,0x00000000ebf00000)
  to   space 3072K, 0% used [0x00000000ec000000,0x00000000ec000000,0x00000000ec300000)
 ParOldGen       total 68608K, used 28128K [0x00000000c0000000, 0x00000000c4300000, 0x00000000eab00000)
  object space 68608K, 40% used [0x00000000c0000000,0x00000000c1b78038,0x00000000c4300000)
 Metaspace       used 46016K, committed 46912K, reserved 1114112K
  class space    used 4669K, committed 5120K, reserved 1048576K
}
Event: 10.297 GC heap before
{Heap before GC invocations=24 (full 2):
 PSYoungGen      total 20480K, used 20288K [0x00000000eab00000, 0x00000000ec300000, 0x0000000100000000)
  eden space 18432K, 100% used [0x00000000eab00000,0x00000000ebd00000,0x00000000ebd00000)
  from space 2048K, 90% used [0x00000000ebd00000,0x00000000ebed0000,0x00000000ebf00000)
  to   space 3072K, 0% used [0x00000000ec000000,0x00000000ec000000,0x00000000ec300000)
 ParOldGen       total 68608K, used 28128K [0x00000000c0000000, 0x00000000c4300000, 0x00000000eab00000)
  object space 68608K, 40% used [0x00000000c0000000,0x00000000c1b78038,0x00000000c4300000)
 Metaspace       used 46085K, committed 47040K, reserved 1114112K
  class space    used 4669K, committed 5120K, reserved 1048576K
}
Event: 10.300 GC heap after
{Heap after GC invocations=24 (full 2):
 PSYoungGen      total 19968K, used 1336K [0x00000000eab00000, 0x00000000ec180000, 0x0000000100000000)
  eden space 18432K, 0% used [0x00000000eab00000,0x00000000eab00000,0x00000000ebd00000)
  from space 1536K, 87% used [0x00000000ec000000,0x00000000ec14e200,0x00000000ec180000)
  to   space 2048K, 0% used [0x00000000ebd80000,0x00000000ebd80000,0x00000000ebf80000)
 ParOldGen       total 68608K, used 29832K [0x00000000c0000000, 0x00000000c4300000, 0x00000000eab00000)
  object space 68608K, 43% used [0x00000000c0000000,0x00000000c1d22038,0x00000000c4300000)
 Metaspace       used 46085K, committed 47040K, reserved 1114112K
  class space    used 4669K, committed 5120K, reserved 1048576K
}
Event: 10.371 GC heap before
{Heap before GC invocations=25 (full 2):
 PSYoungGen      total 19968K, used 19768K [0x00000000eab00000, 0x00000000ec180000, 0x0000000100000000)
  eden space 18432K, 100% used [0x00000000eab00000,0x00000000ebd00000,0x00000000ebd00000)
  from space 1536K, 87% used [0x00000000ec000000,0x00000000ec14e200,0x00000000ec180000)
  to   space 2048K, 0% used [0x00000000ebd80000,0x00000000ebd80000,0x00000000ebf80000)
 ParOldGen       total 68608K, used 29832K [0x00000000c0000000, 0x00000000c4300000, 0x00000000eab00000)
  object space 68608K, 43% used [0x00000000c0000000,0x00000000c1d22038,0x00000000c4300000)
 Metaspace       used 46411K, committed 47296K, reserved 1114112K
  class space    used 4699K, committed 5120K, reserved 1048576K
}
Event: 10.373 GC heap after
{Heap after GC invocations=25 (full 2):
 PSYoungGen      total 20480K, used 640K [0x00000000eab00000, 0x00000000ec080000, 0x0000000100000000)
  eden space 18432K, 0% used [0x00000000eab00000,0x00000000eab00000,0x00000000ebd00000)
  from space 2048K, 31% used [0x00000000ebd80000,0x00000000ebe20020,0x00000000ebf80000)
  to   space 1024K, 0% used [0x00000000ebf80000,0x00000000ebf80000,0x00000000ec080000)
 ParOldGen       total 68608K, used 30904K [0x00000000c0000000, 0x00000000c4300000, 0x00000000eab00000)
  object space 68608K, 45% used [0x00000000c0000000,0x00000000c1e2e238,0x00000000c4300000)
 Metaspace       used 46411K, committed 47296K, reserved 1114112K
  class space    used 4699K, committed 5120K, reserved 1048576K
}
Event: 10.423 GC heap before
{Heap before GC invocations=26 (full 2):
 PSYoungGen      total 20480K, used 19072K [0x00000000eab00000, 0x00000000ec080000, 0x0000000100000000)
  eden space 18432K, 100% used [0x00000000eab00000,0x00000000ebd00000,0x00000000ebd00000)
  from space 2048K, 31% used [0x00000000ebd80000,0x00000000ebe20020,0x00000000ebf80000)
  to   space 1024K, 0% used [0x00000000ebf80000,0x00000000ebf80000,0x00000000ec080000)
 ParOldGen       total 68608K, used 30904K [0x00000000c0000000, 0x00000000c4300000, 0x00000000eab00000)
  object space 68608K, 45% used [0x00000000c0000000,0x00000000c1e2e238,0x00000000c4300000)
 Metaspace       used 46933K, committed 47872K, reserved 1114112K
  class space    used 4740K, committed 5184K, reserved 1048576K
}
Event: 10.424 GC heap after
{Heap after GC invocations=26 (full 2):
 PSYoungGen      total 19456K, used 672K [0x00000000eab00000, 0x00000000ec080000, 0x0000000100000000)
  eden space 18432K, 0% used [0x00000000eab00000,0x00000000eab00000,0x00000000ebd00000)
  from space 1024K, 65% used [0x00000000ebf80000,0x00000000ec028020,0x00000000ec080000)
  to   space 1024K, 0% used [0x00000000ebe80000,0x00000000ebe80000,0x00000000ebf80000)
 ParOldGen       total 68608K, used 31288K [0x00000000c0000000, 0x00000000c4300000, 0x00000000eab00000)
  object space 68608K, 45% used [0x00000000c0000000,0x00000000c1e8e108,0x00000000c4300000)
 Metaspace       used 46933K, committed 47872K, reserved 1114112K
  class space    used 4740K, committed 5184K, reserved 1048576K
}
Event: 10.505 GC heap before
{Heap before GC invocations=27 (full 2):
 PSYoungGen      total 19456K, used 19104K [0x00000000eab00000, 0x00000000ec080000, 0x0000000100000000)
  eden space 18432K, 100% used [0x00000000eab00000,0x00000000ebd00000,0x00000000ebd00000)
  from space 1024K, 65% used [0x00000000ebf80000,0x00000000ec028020,0x00000000ec080000)
  to   space 1024K, 0% used [0x00000000ebe80000,0x00000000ebe80000,0x00000000ebf80000)
 ParOldGen       total 68608K, used 31288K [0x00000000c0000000, 0x00000000c4300000, 0x00000000eab00000)
  object space 68608K, 45% used [0x00000000c0000000,0x00000000c1e8e108,0x00000000c4300000)
 Metaspace       used 47623K, committed 48576K, reserved 1114112K
  class space    used 4859K, committed 5312K, reserved 1048576K
}
Event: 10.507 GC heap after
{Heap after GC invocations=27 (full 2):
 PSYoungGen      total 19456K, used 672K [0x00000000eab00000, 0x00000000ec000000, 0x0000000100000000)
  eden space 18432K, 0% used [0x00000000eab00000,0x00000000eab00000,0x00000000ebd00000)
  from space 1024K, 65% used [0x00000000ebe80000,0x00000000ebf28020,0x00000000ebf80000)
  to   space 512K, 0% used [0x00000000ebf80000,0x00000000ebf80000,0x00000000ec000000)
 ParOldGen       total 68608K, used 31725K [0x00000000c0000000, 0x00000000c4300000, 0x00000000eab00000)
  object space 68608K, 46% used [0x00000000c0000000,0x00000000c1efb5a8,0x00000000c4300000)
 Metaspace       used 47623K, committed 48576K, reserved 1114112K
  class space    used 4859K, committed 5312K, reserved 1048576K
}

